2018-10-31 13:58:13,714 INFO  [Log] Excel sheet opened 
2018-10-31 13:58:13,715 INFO  [Log] Total number of Row used return as < 29 >. 
2018-10-31 13:58:14,649 INFO  [Log] Excel sheet opened 
2018-10-31 13:58:14,649 INFO  [Log] Total number of Row used return as < 29 >. 
2018-10-31 13:58:14,979 INFO  [Log] Excel sheet opened 
2018-10-31 13:58:16,218 INFO  [Log] Excel sheet opened 
2018-10-31 13:58:16,218 INFO  [Log] Total number of Row used return as < 29 >. 
2018-10-31 13:58:16,219 INFO  [Log] **************************************************************************************** 
2018-10-31 13:58:16,219 INFO  [Log] **************************************************************************************** 
2018-10-31 13:58:16,219 INFO  [Log] $$$$$$$$$$$$$$$$$$$$$                 T501636       $$$$$$$$$$$$$$$$$$$$$$$$$ 
2018-10-31 13:58:16,219 INFO  [Log] **************************************************************************************** 
2018-10-31 13:58:16,219 INFO  [Log] **************************************************************************************** 
2018-10-31 13:58:16,412 INFO  [Log] Excel sheet opened 
2018-10-31 13:58:16,439 INFO  [Log] Excel sheet opened 
2018-10-31 13:58:16,439 INFO  [Log] Total number of Row used return as < 29 >. 
2018-10-31 13:58:16,816 INFO  [Log] Excel sheet opened 
2018-10-31 13:58:16,816 INFO  [Log] Total number of Row used return as < 87 >. 
2018-10-31 13:58:27,143 INFO  [Log] New driver instantiated 
2018-10-31 13:58:27,177 INFO  [Log] Implicit wait applied on the driver for 10 seconds 
2018-10-31 13:58:38,027 INFO  [Log] Web application launched successfully 
2018-10-31 13:58:40,077 INFO  [Log] qbeSelvakumar is entered in text box 
2018-10-31 13:58:42,710 INFO  [Log] EwUuQhp4uC is entered in text box 
2018-10-31 13:58:45,472 INFO  [Log] [[ChromeDriver: chrome on XP (be3d3b033024b90b67c2acf4813bf49a)] -> name: submit] is Clicked  
2018-10-31 13:58:46,806 INFO  [Log] Excel sheet opened 
2018-10-31 13:58:46,806 INFO  [Log] Total number of Row used return as < 29 >. 
2018-10-31 13:58:46,956 INFO  [Log] Excel sheet opened 
2018-10-31 13:58:46,957 INFO  [Log] Total number of Row used return as < 55 >. 
2018-10-31 13:58:48,270 INFO  [Log] [[ChromeDriver: chrome on XP (be3d3b033024b90b67c2acf4813bf49a)] -> xpath: .//*[@id='spanroot__dashboard']/div/div[2]/div/a/div/div] is Clicked  
2018-10-31 13:58:49,657 INFO  [Log] Excel sheet opened 
2018-10-31 13:58:49,657 INFO  [Log] Total number of Row used return as < 29 >. 
2018-10-31 13:58:49,782 INFO  [Log] Excel sheet opened 
2018-10-31 13:58:49,782 INFO  [Log] Total number of Row used return as < 100 >. 
2018-10-31 13:58:53,567 INFO  [Log] [[ChromeDriver: chrome on XP (be3d3b033024b90b67c2acf4813bf49a)] -> xpath: .//*[@id='btnAddCase']]MouseOver Operation and click is done over[[ChromeDriver: chrome on XP (be3d3b033024b90b67c2acf4813bf49a)] -> xpath: .//*[@id='btnAddCase']] 
2018-10-31 13:58:57,136 INFO  [Log] Excel sheet opened 
2018-10-31 13:58:57,136 INFO  [Log] Total number of Row used return as < 29 >. 
2018-10-31 13:58:57,257 INFO  [Log] Excel sheet opened 
2018-10-31 13:58:57,257 INFO  [Log] Total number of Row used return as < 26 >. 
2018-10-31 13:59:01,580 INFO  [Log] [[ChromeDriver: chrome on XP (be3d3b033024b90b67c2acf4813bf49a)] -> id: taskActionFrame] Switched to Frame  
2018-10-31 13:59:02,236 INFO  [Log] Request for Quote is entered in text box 
2018-10-31 13:59:03,610 INFO  [Log] Request for Quote is  Selected  
2018-10-31 13:59:05,051 INFO  [Log] 192265 is entered in text box 
2018-10-31 13:59:06,065 INFO  [Log] QBE Direct Parramatta is entered in text box 
2018-10-31 13:59:07,472 INFO  [Log] QBE Direct Parramatta is  Selected  
2018-10-31 14:00:38,137 INFO  [Log] Excel sheet opened 
2018-10-31 14:00:38,138 INFO  [Log] Total number of Row used return as < 29 >. 
2018-10-31 14:00:39,033 INFO  [Log] Excel sheet opened 
2018-10-31 14:00:39,033 INFO  [Log] Total number of Row used return as < 29 >. 
2018-10-31 14:00:39,302 INFO  [Log] Excel sheet opened 
2018-10-31 14:00:40,709 INFO  [Log] Excel sheet opened 
2018-10-31 14:00:40,710 INFO  [Log] Total number of Row used return as < 29 >. 
2018-10-31 14:00:40,710 INFO  [Log] **************************************************************************************** 
2018-10-31 14:00:40,710 INFO  [Log] **************************************************************************************** 
2018-10-31 14:00:40,710 INFO  [Log] $$$$$$$$$$$$$$$$$$$$$                 T501636       $$$$$$$$$$$$$$$$$$$$$$$$$ 
2018-10-31 14:00:40,710 INFO  [Log] **************************************************************************************** 
2018-10-31 14:00:40,711 INFO  [Log] **************************************************************************************** 
2018-10-31 14:00:40,975 INFO  [Log] Excel sheet opened 
2018-10-31 14:00:41,035 INFO  [Log] Excel sheet opened 
2018-10-31 14:00:41,036 INFO  [Log] Total number of Row used return as < 29 >. 
2018-10-31 14:00:41,317 INFO  [Log] Excel sheet opened 
2018-10-31 14:00:41,317 INFO  [Log] Total number of Row used return as < 87 >. 
2018-10-31 14:00:45,431 INFO  [Log] Excel sheet opened 
2018-10-31 14:00:45,449 INFO  [Log] Excel sheet opened 
2018-10-31 14:00:45,449 INFO  [Log] Total number of Row used return as < 29 >. 
2018-10-31 14:00:45,590 INFO  [Log] Objects Set for  Page 
2018-10-31 14:00:45,750 ERROR [Log] Class Utils | Method takeScreenshot | Exception occured while capturing ScreenShot : null 
2018-10-31 14:00:45,778 INFO  [Log] Excel sheet opened 
2018-10-31 14:00:45,813 INFO  [Log] Excel sheet opened 
2018-10-31 14:00:45,813 INFO  [Log] Total number of Row used return as < 29 >. 
2018-10-31 14:00:45,855 INFO  [Log]  Error in entered in text box 
2018-10-31 14:00:47,068 INFO  [Log] Excel sheet opened 
2018-10-31 14:00:47,100 INFO  [Log] Excel sheet opened 
2018-10-31 14:00:47,100 INFO  [Log] Total number of Row used return as < 29 >. 
2018-10-31 14:00:47,146 INFO  [Log] Objects Set for  Page 
2018-10-31 14:00:47,147 ERROR [Log] Class Utils | Method takeScreenshot | Exception occured while capturing ScreenShot : null 
2018-10-31 14:00:47,182 INFO  [Log] Excel sheet opened 
2018-10-31 14:00:47,218 INFO  [Log] Excel sheet opened 
2018-10-31 14:00:47,218 INFO  [Log] Total number of Row used return as < 29 >. 
2018-10-31 14:00:47,262 INFO  [Log]  Error in entered in text box 
2018-10-31 14:00:47,409 ERROR [Log] Class Utils | Method takeScreenshot | Exception occured while capturing ScreenShot : null 
2018-10-31 14:00:47,435 INFO  [Log] Excel sheet opened 
2018-10-31 14:00:47,462 INFO  [Log] Excel sheet opened 
2018-10-31 14:00:47,462 INFO  [Log] Total number of Row used return as < 29 >. 
2018-10-31 14:00:47,527 INFO  [Log] Excel sheet opened 
2018-10-31 14:00:47,527 INFO  [Log] Total number of Row used return as < 29 >. 
2018-10-31 14:00:47,527 INFO  [Log] Login_Button_Login is not Clicked  
2018-10-31 14:00:47,548 INFO  [Log] Excel sheet opened 
2018-10-31 14:00:47,548 INFO  [Log] Total number of Row used return as < 29 >. 
2018-10-31 14:00:47,765 INFO  [Log] Excel sheet opened 
2018-10-31 14:00:47,765 INFO  [Log] Total number of Row used return as < 55 >. 
2018-10-31 14:00:48,064 ERROR [Log] Class Utils | Method takeScreenshot | Exception occured while capturing ScreenShot : null 
2018-10-31 14:00:48,107 INFO  [Log] Excel sheet opened 
2018-10-31 14:00:48,160 INFO  [Log] Excel sheet opened 
2018-10-31 14:00:48,160 INFO  [Log] Total number of Row used return as < 29 >. 
2018-10-31 14:00:48,225 INFO  [Log] Excel sheet opened 
2018-10-31 14:00:48,225 INFO  [Log] Total number of Row used return as < 29 >. 
2018-10-31 14:00:48,226 INFO  [Log] HomePage_Button_Claims is not Clicked  
2018-10-31 14:00:48,251 INFO  [Log] Excel sheet opened 
2018-10-31 14:00:48,251 INFO  [Log] Total number of Row used return as < 29 >. 
2018-10-31 14:01:46,152 INFO  [Log] Excel sheet opened 
2018-10-31 14:01:46,152 INFO  [Log] Total number of Row used return as < 29 >. 
2018-10-31 14:01:46,808 INFO  [Log] Excel sheet opened 
2018-10-31 14:01:46,808 INFO  [Log] Total number of Row used return as < 29 >. 
2018-10-31 14:01:47,043 INFO  [Log] Excel sheet opened 
2018-10-31 14:01:47,886 INFO  [Log] Excel sheet opened 
2018-10-31 14:01:47,886 INFO  [Log] Total number of Row used return as < 29 >. 
2018-10-31 14:01:47,886 INFO  [Log] **************************************************************************************** 
2018-10-31 14:01:47,886 INFO  [Log] **************************************************************************************** 
2018-10-31 14:01:47,886 INFO  [Log] $$$$$$$$$$$$$$$$$$$$$                 T501636       $$$$$$$$$$$$$$$$$$$$$$$$$ 
2018-10-31 14:01:47,886 INFO  [Log] **************************************************************************************** 
2018-10-31 14:01:47,886 INFO  [Log] **************************************************************************************** 
2018-10-31 14:01:48,027 INFO  [Log] Excel sheet opened 
2018-10-31 14:01:48,043 INFO  [Log] Excel sheet opened 
2018-10-31 14:01:48,043 INFO  [Log] Total number of Row used return as < 29 >. 
2018-10-31 14:01:48,191 INFO  [Log] Excel sheet opened 
2018-10-31 14:01:48,191 INFO  [Log] Total number of Row used return as < 87 >. 
2018-10-31 14:03:23,810 INFO  [Log] Excel sheet opened 
2018-10-31 14:03:23,810 INFO  [Log] Total number of Row used return as < 29 >. 
2018-10-31 14:03:24,498 INFO  [Log] Excel sheet opened 
2018-10-31 14:03:24,498 INFO  [Log] Total number of Row used return as < 29 >. 
2018-10-31 14:03:24,701 INFO  [Log] Excel sheet opened 
2018-10-31 14:03:25,545 INFO  [Log] Excel sheet opened 
2018-10-31 14:03:25,545 INFO  [Log] Total number of Row used return as < 29 >. 
2018-10-31 14:03:25,545 INFO  [Log] **************************************************************************************** 
2018-10-31 14:03:25,545 INFO  [Log] **************************************************************************************** 
2018-10-31 14:03:25,545 INFO  [Log] $$$$$$$$$$$$$$$$$$$$$                 T501636       $$$$$$$$$$$$$$$$$$$$$$$$$ 
2018-10-31 14:03:25,545 INFO  [Log] **************************************************************************************** 
2018-10-31 14:03:25,545 INFO  [Log] **************************************************************************************** 
2018-10-31 14:03:25,685 INFO  [Log] Excel sheet opened 
2018-10-31 14:03:25,701 INFO  [Log] Excel sheet opened 
2018-10-31 14:03:25,701 INFO  [Log] Total number of Row used return as < 29 >. 
2018-10-31 14:03:25,823 INFO  [Log] Excel sheet opened 
2018-10-31 14:03:25,823 INFO  [Log] Total number of Row used return as < 87 >. 
2018-10-31 14:03:29,187 INFO  [Log] XXXXXXXXXXXXXXXXXXXXXXX             -E---N---D-             XXXXXXXXXXXXXXXXXXXXXX 
2018-10-31 14:03:29,187 INFO  [Log] X 
2018-10-31 14:03:29,187 INFO  [Log] X 
2018-10-31 14:03:29,187 INFO  [Log] X 
2018-10-31 14:03:29,187 INFO  [Log] X 
2018-10-31 14:03:32,214 INFO  [Log] Excel sheet opened 
2018-10-31 14:03:32,230 INFO  [Log] Excel sheet opened 
2018-10-31 14:03:32,230 INFO  [Log] Total number of Row used return as < 29 >. 
2018-10-31 14:03:32,699 ERROR [Log]  
2018-10-31 14:03:32,714 INFO  [Log] Excel sheet opened 
2018-10-31 14:03:32,730 INFO  [Log] Excel sheet opened 
2018-10-31 14:03:32,730 INFO  [Log] Total number of Row used return as < 29 >. 
2018-10-31 14:05:54,769 INFO  [Log] Excel sheet opened 
2018-10-31 14:05:54,769 INFO  [Log] Total number of Row used return as < 29 >. 
2018-10-31 14:05:55,457 INFO  [Log] Excel sheet opened 
2018-10-31 14:05:55,457 INFO  [Log] Total number of Row used return as < 29 >. 
2018-10-31 14:05:55,644 INFO  [Log] Excel sheet opened 
2018-10-31 14:05:56,839 INFO  [Log] Excel sheet opened 
2018-10-31 14:05:56,839 INFO  [Log] Total number of Row used return as < 29 >. 
2018-10-31 14:05:56,839 INFO  [Log] **************************************************************************************** 
2018-10-31 14:05:56,839 INFO  [Log] **************************************************************************************** 
2018-10-31 14:05:56,839 INFO  [Log] $$$$$$$$$$$$$$$$$$$$$                 T501636       $$$$$$$$$$$$$$$$$$$$$$$$$ 
2018-10-31 14:05:56,839 INFO  [Log] **************************************************************************************** 
2018-10-31 14:05:56,839 INFO  [Log] **************************************************************************************** 
2018-10-31 14:05:57,089 INFO  [Log] Excel sheet opened 
2018-10-31 14:05:57,136 INFO  [Log] Excel sheet opened 
2018-10-31 14:05:57,136 INFO  [Log] Total number of Row used return as < 29 >. 
2018-10-31 14:05:57,552 INFO  [Log] Excel sheet opened 
2018-10-31 14:05:57,552 INFO  [Log] Total number of Row used return as < 87 >. 
2018-10-31 14:06:06,186 ERROR [Log] Class Utils | Method OpenBrowser | Exception desc : newSession
Build info: version: '3.14.0', revision: 'aacccce0', time: '2018-08-02T20:19:58.91Z'
System info: host: 'LTPAUSYD2343022', ip: '10.88.162.217', os.name: 'Windows 10', os.arch: 'amd64', os.version: '10.0', java.version: '1.8.0_191'
Driver info: driver.version: FirefoxDriver
remote stacktrace: stack backtrace:
   0:           0x4bb74f - <no info>
   1:           0x4bbea9 - <no info>
   2:           0x43ce8d - <no info>
   3:           0x44ce14 - <no info>
   4:           0x44944a - <no info>
   5:           0x4203e1 - <no info>
   6:           0x407dc7 - <no info>
   7:           0x6d95b9 - <no info>
   8:           0x4173a7 - <no info>
   9:           0x6d38b3 - <no info>
  10:     0x7ffebf481fe4 - BaseThreadInitThunk 
2018-10-31 14:06:07,532 INFO  [Log] Excel sheet opened 
2018-10-31 14:06:07,564 INFO  [Log] Excel sheet opened 
2018-10-31 14:06:07,564 INFO  [Log] Total number of Row used return as < 29 >. 
2018-10-31 14:06:07,626 INFO  [Log] Objects Set for  Page 
2018-10-31 14:06:07,626 ERROR [Log] Class Utils | Method takeScreenshot | Exception occured while capturing ScreenShot : null 
2018-10-31 14:06:07,704 INFO  [Log] Excel sheet opened 
2018-10-31 14:06:07,767 INFO  [Log] Excel sheet opened 
2018-10-31 14:06:07,767 INFO  [Log] Total number of Row used return as < 29 >. 
2018-10-31 14:06:07,845 INFO  [Log]  Error in entered in text box 
2018-10-31 14:06:09,104 INFO  [Log] Excel sheet opened 
2018-10-31 14:06:09,120 INFO  [Log] Excel sheet opened 
2018-10-31 14:06:09,120 INFO  [Log] Total number of Row used return as < 29 >. 
2018-10-31 14:06:09,167 INFO  [Log] Objects Set for  Page 
2018-10-31 14:06:09,167 ERROR [Log] Class Utils | Method takeScreenshot | Exception occured while capturing ScreenShot : null 
2018-10-31 14:06:09,183 INFO  [Log] Excel sheet opened 
2018-10-31 14:06:09,198 INFO  [Log] Excel sheet opened 
2018-10-31 14:06:09,198 INFO  [Log] Total number of Row used return as < 29 >. 
2018-10-31 14:06:09,229 INFO  [Log]  Error in entered in text box 
2018-10-31 14:06:09,354 ERROR [Log] Class Utils | Method takeScreenshot | Exception occured while capturing ScreenShot : null 
2018-10-31 14:06:09,370 INFO  [Log] Excel sheet opened 
2018-10-31 14:06:09,386 INFO  [Log] Excel sheet opened 
2018-10-31 14:06:09,386 INFO  [Log] Total number of Row used return as < 29 >. 
2018-10-31 14:06:09,479 INFO  [Log] Excel sheet opened 
2018-10-31 14:06:09,479 INFO  [Log] Total number of Row used return as < 29 >. 
2018-10-31 14:06:09,495 INFO  [Log] Login_Button_Login is not Clicked  
2018-10-31 14:06:09,511 INFO  [Log] Excel sheet opened 
2018-10-31 14:06:09,511 INFO  [Log] Total number of Row used return as < 29 >. 
2018-10-31 14:06:09,636 INFO  [Log] Excel sheet opened 
2018-10-31 14:06:09,636 INFO  [Log] Total number of Row used return as < 55 >. 
2018-10-31 14:06:09,808 ERROR [Log] Class Utils | Method takeScreenshot | Exception occured while capturing ScreenShot : null 
2018-10-31 14:06:09,823 INFO  [Log] Excel sheet opened 
2018-10-31 14:06:09,839 INFO  [Log] Excel sheet opened 
2018-10-31 14:06:09,839 INFO  [Log] Total number of Row used return as < 29 >. 
2018-10-31 14:06:09,917 INFO  [Log] Excel sheet opened 
2018-10-31 14:06:09,917 INFO  [Log] Total number of Row used return as < 29 >. 
2018-10-31 14:06:09,917 INFO  [Log] HomePage_Button_Claims is not Clicked  
2018-10-31 14:06:09,964 INFO  [Log] Excel sheet opened 
2018-10-31 14:06:09,964 INFO  [Log] Total number of Row used return as < 29 >. 
2018-10-31 14:06:10,104 INFO  [Log] Excel sheet opened 
2018-10-31 14:06:10,104 INFO  [Log] Total number of Row used return as < 100 >. 
2018-10-31 14:06:57,639 INFO  [Log] Excel sheet opened 
2018-10-31 14:06:57,639 INFO  [Log] Total number of Row used return as < 29 >. 
2018-10-31 14:06:58,326 INFO  [Log] Excel sheet opened 
2018-10-31 14:06:58,326 INFO  [Log] Total number of Row used return as < 29 >. 
2018-10-31 14:06:58,514 INFO  [Log] Excel sheet opened 
2018-10-31 14:06:59,420 INFO  [Log] Excel sheet opened 
2018-10-31 14:06:59,420 INFO  [Log] Total number of Row used return as < 29 >. 
2018-10-31 14:06:59,420 INFO  [Log] **************************************************************************************** 
2018-10-31 14:06:59,420 INFO  [Log] **************************************************************************************** 
2018-10-31 14:06:59,420 INFO  [Log] $$$$$$$$$$$$$$$$$$$$$                 T501636       $$$$$$$$$$$$$$$$$$$$$$$$$ 
2018-10-31 14:06:59,420 INFO  [Log] **************************************************************************************** 
2018-10-31 14:06:59,420 INFO  [Log] **************************************************************************************** 
2018-10-31 14:06:59,545 INFO  [Log] Excel sheet opened 
2018-10-31 14:06:59,561 INFO  [Log] Excel sheet opened 
2018-10-31 14:06:59,561 INFO  [Log] Total number of Row used return as < 29 >. 
2018-10-31 14:06:59,692 INFO  [Log] Excel sheet opened 
2018-10-31 14:06:59,692 INFO  [Log] Total number of Row used return as < 87 >. 
2018-10-31 14:07:07,275 ERROR [Log] Class Utils | Method OpenBrowser | Exception desc : newSession
Build info: version: '3.14.0', revision: 'aacccce0', time: '2018-08-02T20:19:58.91Z'
System info: host: 'LTPAUSYD2343022', ip: '10.88.162.217', os.name: 'Windows 10', os.arch: 'amd64', os.version: '10.0', java.version: '1.8.0_191'
Driver info: driver.version: FirefoxDriver
remote stacktrace: stack backtrace:
   0:           0x4bb74f - <no info>
   1:           0x4bbea9 - <no info>
   2:           0x43ce8d - <no info>
   3:           0x44ce14 - <no info>
   4:           0x44944a - <no info>
   5:           0x4203e1 - <no info>
   6:           0x407dc7 - <no info>
   7:           0x6d95b9 - <no info>
   8:           0x4173a7 - <no info>
   9:           0x6d38b3 - <no info>
  10:     0x7ffebf481fe4 - BaseThreadInitThunk 
2018-10-31 14:07:08,592 INFO  [Log] Excel sheet opened 
2018-10-31 14:07:08,607 INFO  [Log] Excel sheet opened 
2018-10-31 14:07:08,607 INFO  [Log] Total number of Row used return as < 29 >. 
2018-10-31 14:07:08,779 INFO  [Log] Objects Set for  Page 
2018-10-31 14:07:08,779 ERROR [Log] Class Utils | Method takeScreenshot | Exception occured while capturing ScreenShot : null 
2018-10-31 14:07:08,810 INFO  [Log] Excel sheet opened 
2018-10-31 14:07:08,857 INFO  [Log] Excel sheet opened 
2018-10-31 14:07:08,857 INFO  [Log] Total number of Row used return as < 29 >. 
2018-10-31 14:07:08,982 INFO  [Log]  Error in entered in text box 
2018-10-31 14:07:10,289 INFO  [Log] Excel sheet opened 
2018-10-31 14:07:10,305 INFO  [Log] Excel sheet opened 
2018-10-31 14:07:10,305 INFO  [Log] Total number of Row used return as < 29 >. 
2018-10-31 14:07:10,336 INFO  [Log] Objects Set for  Page 
2018-10-31 14:07:10,336 ERROR [Log] Class Utils | Method takeScreenshot | Exception occured while capturing ScreenShot : null 
2018-10-31 14:07:10,352 INFO  [Log] Excel sheet opened 
2018-10-31 14:07:10,368 INFO  [Log] Excel sheet opened 
2018-10-31 14:07:10,368 INFO  [Log] Total number of Row used return as < 29 >. 
2018-10-31 14:07:10,399 INFO  [Log]  Error in entered in text box 
2018-10-31 14:07:10,508 ERROR [Log] Class Utils | Method takeScreenshot | Exception occured while capturing ScreenShot : null 
2018-10-31 14:07:10,524 INFO  [Log] Excel sheet opened 
2018-10-31 14:07:10,540 INFO  [Log] Excel sheet opened 
2018-10-31 14:07:10,540 INFO  [Log] Total number of Row used return as < 29 >. 
2018-10-31 14:07:10,571 INFO  [Log] Excel sheet opened 
2018-10-31 14:07:10,571 INFO  [Log] Total number of Row used return as < 29 >. 
2018-10-31 14:07:10,571 INFO  [Log] Login_Button_Login is not Clicked  
2018-10-31 14:07:10,586 INFO  [Log] Excel sheet opened 
2018-10-31 14:07:10,586 INFO  [Log] Total number of Row used return as < 29 >. 
2018-10-31 14:07:10,727 INFO  [Log] Excel sheet opened 
2018-10-31 14:07:10,727 INFO  [Log] Total number of Row used return as < 55 >. 
2018-10-31 14:07:10,899 ERROR [Log] Class Utils | Method takeScreenshot | Exception occured while capturing ScreenShot : null 
2018-10-31 14:07:10,915 INFO  [Log] Excel sheet opened 
2018-10-31 14:07:10,930 INFO  [Log] Excel sheet opened 
2018-10-31 14:07:10,930 INFO  [Log] Total number of Row used return as < 29 >. 
2018-10-31 14:07:10,977 INFO  [Log] Excel sheet opened 
2018-10-31 14:07:10,977 INFO  [Log] Total number of Row used return as < 29 >. 
2018-10-31 14:07:10,977 INFO  [Log] HomePage_Button_Claims is not Clicked  
2018-10-31 14:07:10,993 INFO  [Log] Excel sheet opened 
2018-10-31 14:07:10,993 INFO  [Log] Total number of Row used return as < 29 >. 
2018-10-31 14:07:11,118 INFO  [Log] Excel sheet opened 
2018-10-31 14:07:11,118 INFO  [Log] Total number of Row used return as < 100 >. 
2018-10-31 14:07:13,569 INFO  [Log] Excel sheet opened 
2018-10-31 14:07:13,600 INFO  [Log] Excel sheet opened 
2018-10-31 14:07:13,600 INFO  [Log] Total number of Row used return as < 29 >. 
2018-10-31 14:07:13,663 INFO  [Log] Objects Set for  Page 
2018-10-31 14:07:13,663 ERROR [Log] Class Utils | Method takeScreenshot | Exception occured while capturing ScreenShot : null 
2018-10-31 14:07:13,678 INFO  [Log] Excel sheet opened 
2018-10-31 14:07:13,694 INFO  [Log] Excel sheet opened 
2018-10-31 14:07:13,694 INFO  [Log] Total number of Row used return as < 29 >. 
2018-10-31 14:07:14,100 ERROR [Log] Class Utils | Method takeScreenshot | Exception occured while capturing ScreenShot : null 
2018-10-31 14:07:14,100 INFO  [Log] Excel sheet opened 
2018-10-31 14:07:14,116 INFO  [Log] Excel sheet opened 
2018-10-31 14:07:14,116 INFO  [Log] Total number of Row used return as < 29 >. 
2018-10-31 14:07:14,444 ERROR [Log] Class Utils | Method takeScreenshot | Exception occured while capturing ScreenShot : null 
2018-10-31 14:07:14,553 ERROR [Log] Class Utils | Method takeScreenshot | Exception occured while capturing ScreenShot : null 
2018-10-31 14:22:34,395 INFO  [Log] Excel sheet opened 
2018-10-31 14:22:34,395 INFO  [Log] Total number of Row used return as < 29 >. 
2018-10-31 14:22:59,968 INFO  [Log] Excel sheet opened 
2018-10-31 14:22:59,968 INFO  [Log] Total number of Row used return as < 29 >. 
2018-10-31 14:23:00,707 INFO  [Log] Excel sheet opened 
2018-10-31 14:23:00,707 INFO  [Log] Total number of Row used return as < 29 >. 
2018-10-31 14:23:00,879 INFO  [Log] Excel sheet opened 
2018-10-31 14:23:01,723 INFO  [Log] Excel sheet opened 
2018-10-31 14:23:01,723 INFO  [Log] Total number of Row used return as < 29 >. 
2018-10-31 14:23:01,723 INFO  [Log] **************************************************************************************** 
2018-10-31 14:23:01,723 INFO  [Log] **************************************************************************************** 
2018-10-31 14:23:01,723 INFO  [Log] $$$$$$$$$$$$$$$$$$$$$                 T501636       $$$$$$$$$$$$$$$$$$$$$$$$$ 
2018-10-31 14:23:01,723 INFO  [Log] **************************************************************************************** 
2018-10-31 14:23:01,723 INFO  [Log] **************************************************************************************** 
2018-10-31 14:23:01,848 INFO  [Log] Excel sheet opened 
2018-10-31 14:23:01,848 INFO  [Log] Excel sheet opened 
2018-10-31 14:23:01,864 INFO  [Log] Total number of Row used return as < 29 >. 
2018-10-31 14:23:02,060 INFO  [Log] Excel sheet opened 
2018-10-31 14:23:02,060 INFO  [Log] Total number of Row used return as < 87 >. 
2018-10-31 14:23:04,794 ERROR [Log] Class Utils | Method OpenBrowser | Exception desc : The path to the driver executable must be set by the webdriver.ie.driver system property; for more information, see https://github.com/SeleniumHQ/selenium/wiki/InternetExplorerDriver. The latest version can be downloaded from http://selenium-release.storage.googleapis.com/index.html 
2018-10-31 14:23:06,119 INFO  [Log] Excel sheet opened 
2018-10-31 14:23:06,135 INFO  [Log] Excel sheet opened 
2018-10-31 14:23:06,135 INFO  [Log] Total number of Row used return as < 29 >. 
2018-10-31 14:23:06,166 INFO  [Log] Objects Set for  Page 
2018-10-31 14:23:06,182 ERROR [Log] Class Utils | Method takeScreenshot | Exception occured while capturing ScreenShot : null 
2018-10-31 14:23:06,197 INFO  [Log] Excel sheet opened 
2018-10-31 14:23:06,213 INFO  [Log] Excel sheet opened 
2018-10-31 14:23:06,213 INFO  [Log] Total number of Row used return as < 29 >. 
2018-10-31 14:23:06,244 INFO  [Log]  Error in entered in text box 
2018-10-31 14:23:07,379 INFO  [Log] Excel sheet opened 
2018-10-31 14:23:07,395 INFO  [Log] Excel sheet opened 
2018-10-31 14:23:07,395 INFO  [Log] Total number of Row used return as < 29 >. 
2018-10-31 14:23:07,426 INFO  [Log] Objects Set for  Page 
2018-10-31 14:23:07,426 ERROR [Log] Class Utils | Method takeScreenshot | Exception occured while capturing ScreenShot : null 
2018-10-31 14:23:07,442 INFO  [Log] Excel sheet opened 
2018-10-31 14:23:07,457 INFO  [Log] Excel sheet opened 
2018-10-31 14:23:07,457 INFO  [Log] Total number of Row used return as < 29 >. 
2018-10-31 14:23:07,504 INFO  [Log]  Error in entered in text box 
2018-10-31 14:23:07,614 ERROR [Log] Class Utils | Method takeScreenshot | Exception occured while capturing ScreenShot : null 
2018-10-31 14:23:07,629 INFO  [Log] Excel sheet opened 
2018-10-31 14:23:07,645 INFO  [Log] Excel sheet opened 
2018-10-31 14:23:07,645 INFO  [Log] Total number of Row used return as < 29 >. 
2018-10-31 14:23:07,707 INFO  [Log] Excel sheet opened 
2018-10-31 14:23:07,707 INFO  [Log] Total number of Row used return as < 29 >. 
2018-10-31 14:23:07,707 INFO  [Log] Login_Button_Login is not Clicked  
2018-10-31 14:23:07,723 INFO  [Log] Excel sheet opened 
2018-10-31 14:23:07,723 INFO  [Log] Total number of Row used return as < 29 >. 
2018-10-31 14:23:07,875 INFO  [Log] Excel sheet opened 
2018-10-31 14:23:07,875 INFO  [Log] Total number of Row used return as < 55 >. 
2018-10-31 14:23:08,047 ERROR [Log] Class Utils | Method takeScreenshot | Exception occured while capturing ScreenShot : null 
2018-10-31 14:23:08,062 INFO  [Log] Excel sheet opened 
2018-10-31 14:23:08,062 INFO  [Log] Excel sheet opened 
2018-10-31 14:23:08,062 INFO  [Log] Total number of Row used return as < 29 >. 
2018-10-31 14:23:08,109 INFO  [Log] Excel sheet opened 
2018-10-31 14:23:08,109 INFO  [Log] Total number of Row used return as < 29 >. 
2018-10-31 14:23:08,109 INFO  [Log] HomePage_Button_Claims is not Clicked  
2018-10-31 14:23:08,125 INFO  [Log] Excel sheet opened 
2018-10-31 14:23:08,125 INFO  [Log] Total number of Row used return as < 29 >. 
2018-10-31 14:23:08,297 INFO  [Log] Excel sheet opened 
2018-10-31 14:23:08,297 INFO  [Log] Total number of Row used return as < 100 >. 
2018-10-31 14:23:36,607 INFO  [Log] Excel sheet opened 
2018-10-31 14:23:36,607 INFO  [Log] Total number of Row used return as < 29 >. 
2018-10-31 14:23:37,279 INFO  [Log] Excel sheet opened 
2018-10-31 14:23:37,279 INFO  [Log] Total number of Row used return as < 29 >. 
2018-10-31 14:23:37,466 INFO  [Log] Excel sheet opened 
2018-10-31 14:23:38,263 INFO  [Log] Excel sheet opened 
2018-10-31 14:23:38,263 INFO  [Log] Total number of Row used return as < 29 >. 
2018-10-31 14:23:38,263 INFO  [Log] **************************************************************************************** 
2018-10-31 14:23:38,263 INFO  [Log] **************************************************************************************** 
2018-10-31 14:23:38,263 INFO  [Log] $$$$$$$$$$$$$$$$$$$$$                 T501636       $$$$$$$$$$$$$$$$$$$$$$$$$ 
2018-10-31 14:23:38,263 INFO  [Log] **************************************************************************************** 
2018-10-31 14:23:38,263 INFO  [Log] **************************************************************************************** 
2018-10-31 14:23:38,388 INFO  [Log] Excel sheet opened 
2018-10-31 14:23:38,404 INFO  [Log] Excel sheet opened 
2018-10-31 14:23:38,404 INFO  [Log] Total number of Row used return as < 29 >. 
2018-10-31 14:23:38,518 INFO  [Log] Excel sheet opened 
2018-10-31 14:23:38,518 INFO  [Log] Total number of Row used return as < 87 >. 
2018-10-31 14:23:45,200 INFO  [Log] New driver instantiated 
2018-10-31 14:23:45,294 INFO  [Log] Implicit wait applied on the driver for 10 seconds 
2018-10-31 14:23:45,309 INFO  [Log] Web application launched successfully 
2018-10-31 14:24:34,168 INFO  [Log] Excel sheet opened 
2018-10-31 14:24:34,168 INFO  [Log] Total number of Row used return as < 29 >. 
2018-10-31 14:24:34,856 INFO  [Log] Excel sheet opened 
2018-10-31 14:24:34,856 INFO  [Log] Total number of Row used return as < 29 >. 
2018-10-31 14:24:34,997 INFO  [Log] Excel sheet opened 
2018-10-31 14:24:35,793 INFO  [Log] Excel sheet opened 
2018-10-31 14:24:35,793 INFO  [Log] Total number of Row used return as < 29 >. 
2018-10-31 14:24:35,793 INFO  [Log] **************************************************************************************** 
2018-10-31 14:24:35,793 INFO  [Log] **************************************************************************************** 
2018-10-31 14:24:35,793 INFO  [Log] $$$$$$$$$$$$$$$$$$$$$                 T501636       $$$$$$$$$$$$$$$$$$$$$$$$$ 
2018-10-31 14:24:35,793 INFO  [Log] **************************************************************************************** 
2018-10-31 14:24:35,793 INFO  [Log] **************************************************************************************** 
2018-10-31 14:24:35,918 INFO  [Log] Excel sheet opened 
2018-10-31 14:24:35,934 INFO  [Log] Excel sheet opened 
2018-10-31 14:24:35,934 INFO  [Log] Total number of Row used return as < 29 >. 
2018-10-31 14:24:36,057 INFO  [Log] Excel sheet opened 
2018-10-31 14:24:36,057 INFO  [Log] Total number of Row used return as < 87 >. 
2018-10-31 14:24:44,478 ERROR [Log] Class Utils | Method OpenBrowser | Exception desc : java.net.ConnectException: Failed to connect to localhost/0:0:0:0:0:0:0:1:9903
Build info: version: '3.14.0', revision: 'aacccce0', time: '2018-08-02T20:19:58.91Z'
System info: host: 'LTPAUSYD2343022', ip: '10.88.162.217', os.name: 'Windows 10', os.arch: 'amd64', os.version: '10.0', java.version: '1.8.0_191'
Driver info: driver.version: EdgeDriver 
2018-10-31 14:24:45,754 INFO  [Log] Excel sheet opened 
2018-10-31 14:24:45,769 INFO  [Log] Excel sheet opened 
2018-10-31 14:24:45,769 INFO  [Log] Total number of Row used return as < 29 >. 
2018-10-31 14:24:45,894 INFO  [Log] Objects Set for  Page 
2018-10-31 14:24:45,894 ERROR [Log] Class Utils | Method takeScreenshot | Exception occured while capturing ScreenShot : null 
2018-10-31 14:24:45,926 INFO  [Log] Excel sheet opened 
2018-10-31 14:24:45,957 INFO  [Log] Excel sheet opened 
2018-10-31 14:24:45,957 INFO  [Log] Total number of Row used return as < 29 >. 
2018-10-31 14:24:46,004 INFO  [Log]  Error in entered in text box 
2018-10-31 14:24:47,332 INFO  [Log] Excel sheet opened 
2018-10-31 14:24:47,363 INFO  [Log] Excel sheet opened 
2018-10-31 14:24:47,363 INFO  [Log] Total number of Row used return as < 29 >. 
2018-10-31 14:24:47,410 INFO  [Log] Objects Set for  Page 
2018-10-31 14:24:47,410 ERROR [Log] Class Utils | Method takeScreenshot | Exception occured while capturing ScreenShot : null 
2018-10-31 14:24:47,426 INFO  [Log] Excel sheet opened 
2018-10-31 14:24:47,457 INFO  [Log] Excel sheet opened 
2018-10-31 14:24:47,457 INFO  [Log] Total number of Row used return as < 29 >. 
2018-10-31 14:24:47,488 INFO  [Log]  Error in entered in text box 
2018-10-31 14:24:47,598 ERROR [Log] Class Utils | Method takeScreenshot | Exception occured while capturing ScreenShot : null 
2018-10-31 14:24:47,629 INFO  [Log] Excel sheet opened 
2018-10-31 14:24:47,629 INFO  [Log] Excel sheet opened 
2018-10-31 14:24:47,629 INFO  [Log] Total number of Row used return as < 29 >. 
2018-10-31 14:24:47,676 INFO  [Log] Excel sheet opened 
2018-10-31 14:24:47,676 INFO  [Log] Total number of Row used return as < 29 >. 
2018-10-31 14:24:47,676 INFO  [Log] Login_Button_Login is not Clicked  
2018-10-31 14:24:47,691 INFO  [Log] Excel sheet opened 
2018-10-31 14:24:47,691 INFO  [Log] Total number of Row used return as < 29 >. 
2018-10-31 14:24:47,817 INFO  [Log] Excel sheet opened 
2018-10-31 14:24:47,817 INFO  [Log] Total number of Row used return as < 55 >. 
2018-10-31 14:24:48,160 ERROR [Log] Class Utils | Method takeScreenshot | Exception occured while capturing ScreenShot : null 
2018-10-31 14:24:48,176 INFO  [Log] Excel sheet opened 
2018-10-31 14:24:48,192 INFO  [Log] Excel sheet opened 
2018-10-31 14:24:48,192 INFO  [Log] Total number of Row used return as < 29 >. 
2018-10-31 14:24:48,223 INFO  [Log] Excel sheet opened 
2018-10-31 14:24:48,223 INFO  [Log] Total number of Row used return as < 29 >. 
2018-10-31 14:24:48,223 INFO  [Log] HomePage_Button_Claims is not Clicked  
2018-10-31 14:24:48,238 INFO  [Log] Excel sheet opened 
2018-10-31 14:24:48,238 INFO  [Log] Total number of Row used return as < 29 >. 
2018-10-31 14:24:48,363 INFO  [Log] Excel sheet opened 
2018-10-31 14:24:48,363 INFO  [Log] Total number of Row used return as < 100 >. 
2018-10-31 14:24:50,612 INFO  [Log] Excel sheet opened 
2018-10-31 14:24:50,612 INFO  [Log] Excel sheet opened 
2018-10-31 14:24:50,612 INFO  [Log] Total number of Row used return as < 29 >. 
2018-10-31 14:24:50,643 INFO  [Log] Objects Set for  Page 
2018-10-31 14:24:50,643 ERROR [Log] Class Utils | Method takeScreenshot | Exception occured while capturing ScreenShot : null 
2018-10-31 14:24:50,659 INFO  [Log] Excel sheet opened 
2018-10-31 14:24:50,674 INFO  [Log] Excel sheet opened 
2018-10-31 14:24:50,674 INFO  [Log] Total number of Row used return as < 29 >. 
2018-10-31 14:24:51,214 ERROR [Log] Class Utils | Method takeScreenshot | Exception occured while capturing ScreenShot : null 
2018-10-31 14:24:51,214 INFO  [Log] Excel sheet opened 
2018-10-31 14:24:51,229 INFO  [Log] Excel sheet opened 
2018-10-31 14:24:51,229 INFO  [Log] Total number of Row used return as < 29 >. 
2018-10-31 14:24:51,542 ERROR [Log] Class Utils | Method takeScreenshot | Exception occured while capturing ScreenShot : null 
2018-10-31 14:24:51,653 ERROR [Log] Class Utils | Method takeScreenshot | Exception occured while capturing ScreenShot : null 
2018-10-31 14:24:51,763 ERROR [Log] Class Utils | Method takeScreenshot | Exception occured while capturing ScreenShot : null 
2018-10-31 14:24:51,779 INFO  [Log] Excel sheet opened 
2018-10-31 14:24:51,795 INFO  [Log] Excel sheet opened 
2018-10-31 14:24:51,810 INFO  [Log] Total number of Row used return as < 29 >. 
2018-10-31 14:24:52,091 ERROR [Log] Class Utils | Method takeScreenshot | Exception occured while capturing ScreenShot : null 
2018-10-31 14:24:52,248 ERROR [Log] Class Utils | Method takeScreenshot | Exception occured while capturing ScreenShot : null 
2018-10-31 14:24:52,388 INFO  [Log] Excel sheet opened 
2018-10-31 14:24:52,388 INFO  [Log] Total number of Row used return as < 29 >. 
2018-10-31 14:25:25,279 INFO  [Log] Excel sheet opened 
2018-10-31 14:25:25,279 INFO  [Log] Total number of Row used return as < 29 >. 
2018-10-31 14:25:25,998 INFO  [Log] Excel sheet opened 
2018-10-31 14:25:25,998 INFO  [Log] Total number of Row used return as < 29 >. 
2018-10-31 14:25:26,216 INFO  [Log] Excel sheet opened 
2018-10-31 14:25:27,232 INFO  [Log] Excel sheet opened 
2018-10-31 14:25:27,232 INFO  [Log] Total number of Row used return as < 29 >. 
2018-10-31 14:25:27,232 INFO  [Log] **************************************************************************************** 
2018-10-31 14:25:27,232 INFO  [Log] **************************************************************************************** 
2018-10-31 14:25:27,232 INFO  [Log] $$$$$$$$$$$$$$$$$$$$$                 T501636       $$$$$$$$$$$$$$$$$$$$$$$$$ 
2018-10-31 14:25:27,232 INFO  [Log] **************************************************************************************** 
2018-10-31 14:25:27,232 INFO  [Log] **************************************************************************************** 
2018-10-31 14:25:27,373 INFO  [Log] Excel sheet opened 
2018-10-31 14:25:27,388 INFO  [Log] Excel sheet opened 
2018-10-31 14:25:27,388 INFO  [Log] Total number of Row used return as < 29 >. 
2018-10-31 14:25:27,527 INFO  [Log] Excel sheet opened 
2018-10-31 14:25:27,527 INFO  [Log] Total number of Row used return as < 87 >. 
2018-10-31 14:25:39,918 INFO  [Log] New driver instantiated 
2018-10-31 14:25:39,996 INFO  [Log] Implicit wait applied on the driver for 10 seconds 
2018-10-31 14:25:39,996 INFO  [Log] Web application launched successfully 
2018-10-31 14:26:21,929 INFO  [Log] Excel sheet opened 
2018-10-31 14:26:21,945 INFO  [Log] Excel sheet opened 
2018-10-31 14:26:21,961 INFO  [Log] Total number of Row used return as < 29 >. 
2018-10-31 14:26:22,054 INFO  [Log] Objects Set for  Page 
2018-10-31 14:26:22,258 INFO  [Log] Excel sheet opened 
2018-10-31 14:26:22,273 INFO  [Log] Excel sheet opened 
2018-10-31 14:26:22,273 INFO  [Log] Total number of Row used return as < 29 >. 
2018-10-31 14:26:22,320 INFO  [Log]  Error in entered in text box 
2018-10-31 14:27:04,142 INFO  [Log] Excel sheet opened 
2018-10-31 14:27:04,156 INFO  [Log] Excel sheet opened 
2018-10-31 14:27:04,156 INFO  [Log] Total number of Row used return as < 29 >. 
2018-10-31 14:27:04,188 INFO  [Log] Objects Set for  Page 
2018-10-31 14:27:04,292 INFO  [Log] Excel sheet opened 
2018-10-31 14:27:04,307 INFO  [Log] Excel sheet opened 
2018-10-31 14:27:04,307 INFO  [Log] Total number of Row used return as < 29 >. 
2018-10-31 14:27:04,339 INFO  [Log]  Error in entered in text box 
2018-10-31 14:27:42,249 INFO  [Log] Excel sheet opened 
2018-10-31 14:27:42,265 INFO  [Log] Excel sheet opened 
2018-10-31 14:27:42,265 INFO  [Log] Total number of Row used return as < 29 >. 
2018-10-31 14:27:42,296 INFO  [Log] Objects Set for  Page 
2018-10-31 14:27:42,401 INFO  [Log] Excel sheet opened 
2018-10-31 14:27:42,416 INFO  [Log] Excel sheet opened 
2018-10-31 14:27:42,416 INFO  [Log] Total number of Row used return as < 29 >. 
2018-10-31 14:27:42,467 INFO  [Log] Excel sheet opened 
2018-10-31 14:27:42,467 INFO  [Log] Total number of Row used return as < 29 >. 
2018-10-31 14:27:42,468 INFO  [Log] Login_Button_Login is not Clicked  
2018-10-31 14:27:42,490 INFO  [Log] Excel sheet opened 
2018-10-31 14:27:42,490 INFO  [Log] Total number of Row used return as < 29 >. 
2018-10-31 14:27:42,643 INFO  [Log] Excel sheet opened 
2018-10-31 14:27:42,643 INFO  [Log] Total number of Row used return as < 55 >. 
2018-10-31 14:28:20,582 INFO  [Log] Excel sheet opened 
2018-10-31 14:28:20,597 INFO  [Log] Excel sheet opened 
2018-10-31 14:28:20,597 INFO  [Log] Total number of Row used return as < 29 >. 
2018-10-31 14:28:20,629 INFO  [Log] Objects Set for  Page 
2018-10-31 14:28:20,707 INFO  [Log] Excel sheet opened 
2018-10-31 14:28:20,707 INFO  [Log] Excel sheet opened 
2018-10-31 14:28:20,707 INFO  [Log] Total number of Row used return as < 29 >. 
2018-10-31 14:28:20,754 INFO  [Log] Excel sheet opened 
2018-10-31 14:28:20,754 INFO  [Log] Total number of Row used return as < 29 >. 
2018-10-31 14:28:20,754 INFO  [Log] HomePage_Button_Claims is not Clicked  
2018-10-31 14:28:20,769 INFO  [Log] Excel sheet opened 
2018-10-31 14:28:20,769 INFO  [Log] Total number of Row used return as < 29 >. 
2018-10-31 14:28:20,879 INFO  [Log] Excel sheet opened 
2018-10-31 14:28:20,879 INFO  [Log] Total number of Row used return as < 100 >. 
2018-10-31 14:29:00,798 INFO  [Log] Excel sheet opened 
2018-10-31 14:29:00,813 INFO  [Log] Excel sheet opened 
2018-10-31 14:29:00,813 INFO  [Log] Total number of Row used return as < 29 >. 
2018-10-31 14:29:00,829 INFO  [Log] Objects Set for  Page 
2018-10-31 14:29:00,923 INFO  [Log] Excel sheet opened 
2018-10-31 14:29:00,938 INFO  [Log] Excel sheet opened 
2018-10-31 14:29:00,938 INFO  [Log] Total number of Row used return as < 29 >. 
2018-10-31 14:29:02,595 INFO  [Log] Excel sheet opened 
2018-10-31 14:29:02,595 INFO  [Log] Total number of Row used return as < 29 >. 
2018-10-31 14:29:02,692 INFO  [Log] Excel sheet opened 
2018-10-31 14:29:02,692 INFO  [Log] Total number of Row used return as < 26 >. 
2018-10-31 14:29:44,520 INFO  [Log] Excel sheet opened 
2018-10-31 14:29:44,520 INFO  [Log] Excel sheet opened 
2018-10-31 14:29:44,520 INFO  [Log] Total number of Row used return as < 29 >. 
2018-10-31 14:29:44,551 INFO  [Log] Objects Set for  Page 
2018-10-31 14:29:44,613 INFO  [Log] Excel sheet opened 
2018-10-31 14:29:44,629 INFO  [Log] Excel sheet opened 
2018-10-31 14:29:44,629 INFO  [Log] Total number of Row used return as < 29 >. 
2018-10-31 14:30:22,007 INFO  [Log] Excel sheet opened 
2018-10-31 14:30:22,022 INFO  [Log] Excel sheet opened 
2018-10-31 14:30:22,022 INFO  [Log] Total number of Row used return as < 29 >. 
2018-10-31 14:30:22,038 INFO  [Log] Objects Set for  Page 
2018-10-31 14:30:22,101 INFO  [Log] Excel sheet opened 
2018-10-31 14:30:22,116 INFO  [Log] Excel sheet opened 
2018-10-31 14:30:22,116 INFO  [Log] Total number of Row used return as < 29 >. 
2018-10-31 14:30:22,147 INFO  [Log] Excel sheet opened 
2018-10-31 14:30:22,147 INFO  [Log] Total number of Row used return as < 29 >. 
2018-10-31 14:30:22,147 INFO  [Log]  Error is  Select_Value_DropDown  
2018-10-31 14:31:00,392 INFO  [Log] Excel sheet opened 
2018-10-31 14:31:00,392 INFO  [Log] Excel sheet opened 
2018-10-31 14:31:00,392 INFO  [Log] Total number of Row used return as < 29 >. 
2018-10-31 14:31:00,407 INFO  [Log] Objects Set for  Page 
2018-10-31 14:31:00,517 INFO  [Log] Excel sheet opened 
2018-10-31 14:31:00,517 INFO  [Log] Excel sheet opened 
2018-10-31 14:31:00,517 INFO  [Log] Total number of Row used return as < 29 >. 
2018-10-31 14:31:00,532 INFO  [Log]  Error in entered in text box 
2018-10-31 14:31:37,801 INFO  [Log] Excel sheet opened 
2018-10-31 14:31:37,801 INFO  [Log] Excel sheet opened 
2018-10-31 14:31:37,801 INFO  [Log] Total number of Row used return as < 29 >. 
2018-10-31 14:31:37,817 INFO  [Log] Objects Set for  Page 
2018-10-31 14:31:37,942 INFO  [Log] Excel sheet opened 
2018-10-31 14:31:37,942 INFO  [Log] Excel sheet opened 
2018-10-31 14:31:37,957 INFO  [Log] Total number of Row used return as < 29 >. 
2018-10-31 14:31:37,973 INFO  [Log]  Error is  Select_Value_DropDown  
2018-10-31 14:32:16,174 INFO  [Log] Excel sheet opened 
2018-10-31 14:32:16,189 INFO  [Log] Excel sheet opened 
2018-10-31 14:32:16,189 INFO  [Log] Total number of Row used return as < 29 >. 
2018-10-31 14:32:16,205 INFO  [Log] Objects Set for  Page 
2018-10-31 14:32:16,299 INFO  [Log] Excel sheet opened 
2018-10-31 14:32:16,314 INFO  [Log] Excel sheet opened 
2018-10-31 14:32:16,314 INFO  [Log] Total number of Row used return as < 29 >. 
2018-10-31 14:32:16,330 INFO  [Log]  Error in entered in text box 
2018-10-31 14:32:53,586 INFO  [Log] Excel sheet opened 
2018-10-31 14:32:53,586 INFO  [Log] Excel sheet opened 
2018-10-31 14:32:53,586 INFO  [Log] Total number of Row used return as < 29 >. 
2018-10-31 14:32:53,601 INFO  [Log] Objects Set for  Page 
2018-10-31 14:32:53,726 INFO  [Log] Excel sheet opened 
2018-10-31 14:32:53,742 INFO  [Log] Excel sheet opened 
2018-10-31 14:32:53,742 INFO  [Log] Total number of Row used return as < 29 >. 
2018-10-31 14:32:53,758 INFO  [Log]  Error is  Select_Value_DropDown  
2018-10-31 14:33:31,006 INFO  [Log] Excel sheet opened 
2018-10-31 14:33:31,006 INFO  [Log] Excel sheet opened 
2018-10-31 14:33:31,006 INFO  [Log] Total number of Row used return as < 29 >. 
2018-10-31 14:33:31,021 INFO  [Log] Objects Set for  Page 
2018-10-31 14:33:31,105 INFO  [Log] Excel sheet opened 
2018-10-31 14:33:31,105 INFO  [Log] Excel sheet opened 
2018-10-31 14:33:31,105 INFO  [Log] Total number of Row used return as < 29 >. 
2018-10-31 14:33:31,136 INFO  [Log] Excel sheet opened 
2018-10-31 14:33:31,136 INFO  [Log] Total number of Row used return as < 29 >. 
2018-10-31 14:33:31,136 INFO  [Log]  Error is  Select_Value_DropDown  
2018-10-31 14:34:08,955 INFO  [Log] Excel sheet opened 
2018-10-31 14:34:08,971 INFO  [Log] Excel sheet opened 
2018-10-31 14:34:08,971 INFO  [Log] Total number of Row used return as < 29 >. 
2018-10-31 14:34:08,986 INFO  [Log] Objects Set for  Page 
2018-10-31 14:34:09,080 INFO  [Log] Excel sheet opened 
2018-10-31 14:34:09,080 INFO  [Log] Excel sheet opened 
2018-10-31 14:34:09,080 INFO  [Log] Total number of Row used return as < 29 >. 
2018-10-31 14:34:09,096 INFO  [Log] Excel sheet opened 
2018-10-31 14:34:09,096 INFO  [Log] Total number of Row used return as < 29 >. 
2018-10-31 14:34:09,096 INFO  [Log] CreateCase_Button_Create is not Clicked  
2018-10-31 14:34:09,111 INFO  [Log] Excel sheet opened 
2018-10-31 14:34:09,111 INFO  [Log] Total number of Row used return as < 29 >. 
2018-10-31 14:34:09,189 INFO  [Log] Excel sheet opened 
2018-10-31 14:34:09,189 INFO  [Log] Total number of Row used return as < 250 >. 
2018-10-31 14:34:56,711 INFO  [Log] Excel sheet opened 
2018-10-31 14:34:56,711 INFO  [Log] Excel sheet opened 
2018-10-31 14:34:56,711 INFO  [Log] Total number of Row used return as < 29 >. 
2018-10-31 14:34:56,727 INFO  [Log] Objects Set for  Page 
2018-10-31 14:34:56,790 INFO  [Log] Excel sheet opened 
2018-10-31 14:34:56,805 INFO  [Log] Excel sheet opened 
2018-10-31 14:34:56,805 INFO  [Log] Total number of Row used return as < 29 >. 
2018-10-31 14:34:56,836 INFO  [Log] Excel sheet opened 
2018-10-31 14:34:56,836 INFO  [Log] Total number of Row used return as < 29 >. 
2018-10-31 14:34:56,836 INFO  [Log]  Error is  Select_Value_DropDown  
2018-10-31 14:35:34,713 INFO  [Log] Excel sheet opened 
2018-10-31 14:35:34,722 INFO  [Log] Excel sheet opened 
2018-10-31 14:35:34,722 INFO  [Log] Total number of Row used return as < 29 >. 
2018-10-31 14:35:34,739 INFO  [Log] Objects Set for  Page 
2018-10-31 14:35:34,803 INFO  [Log] Excel sheet opened 
2018-10-31 14:35:34,810 INFO  [Log] Excel sheet opened 
2018-10-31 14:35:34,811 INFO  [Log] Total number of Row used return as < 29 >. 
2018-10-31 14:35:34,839 INFO  [Log] Excel sheet opened 
2018-10-31 14:35:34,839 INFO  [Log] Total number of Row used return as < 29 >. 
2018-10-31 14:35:34,839 INFO  [Log] ClaimInfo_Button_Excess is not Clicked  
2018-10-31 14:36:16,615 INFO  [Log] Excel sheet opened 
2018-10-31 14:36:16,615 INFO  [Log] Excel sheet opened 
2018-10-31 14:36:16,615 INFO  [Log] Total number of Row used return as < 29 >. 
2018-10-31 14:36:16,646 INFO  [Log] Objects Set for  Page 
2018-10-31 14:36:16,724 INFO  [Log] Excel sheet opened 
2018-10-31 14:36:16,724 INFO  [Log] Excel sheet opened 
2018-10-31 14:36:16,724 INFO  [Log] Total number of Row used return as < 29 >. 
2018-10-31 14:36:57,507 INFO  [Log] Excel sheet opened 
2018-10-31 14:36:57,507 INFO  [Log] Excel sheet opened 
2018-10-31 14:36:57,507 INFO  [Log] Total number of Row used return as < 29 >. 
2018-10-31 14:36:57,538 INFO  [Log] Objects Set for  Page 
2018-10-31 14:36:57,632 INFO  [Log] Excel sheet opened 
2018-10-31 14:36:57,647 INFO  [Log] Excel sheet opened 
2018-10-31 14:36:57,647 INFO  [Log] Total number of Row used return as < 29 >. 
2018-10-31 14:36:57,663 INFO  [Log]  Error in entered in text box 
2018-10-31 14:37:35,475 INFO  [Log] Excel sheet opened 
2018-10-31 14:37:35,475 INFO  [Log] Excel sheet opened 
2018-10-31 14:37:35,475 INFO  [Log] Total number of Row used return as < 29 >. 
2018-10-31 14:37:35,491 INFO  [Log] Objects Set for  Page 
2018-10-31 14:37:35,569 INFO  [Log] Excel sheet opened 
2018-10-31 14:37:35,569 INFO  [Log] Excel sheet opened 
2018-10-31 14:37:35,569 INFO  [Log] Total number of Row used return as < 29 >. 
2018-10-31 14:37:35,600 INFO  [Log] Excel sheet opened 
2018-10-31 14:37:35,600 INFO  [Log] Total number of Row used return as < 29 >. 
2018-10-31 14:37:35,600 INFO  [Log] ClaimInfo_Button_UpdateExcess is not Clicked  
2018-10-31 14:37:35,772 INFO  [Log]  is  Selected  
2018-10-31 14:38:16,830 INFO  [Log] Excel sheet opened 
2018-10-31 14:38:16,830 INFO  [Log] Excel sheet opened 
2018-10-31 14:38:16,830 INFO  [Log] Total number of Row used return as < 29 >. 
2018-10-31 14:38:16,846 INFO  [Log] Objects Set for  Page 
2018-10-31 14:38:16,955 INFO  [Log] Excel sheet opened 
2018-10-31 14:38:16,971 INFO  [Log] Excel sheet opened 
2018-10-31 14:38:16,971 INFO  [Log] Total number of Row used return as < 29 >. 
2018-10-31 14:38:16,986 INFO  [Log]  Error in entered in text box 
2018-10-31 14:38:54,245 INFO  [Log] Excel sheet opened 
2018-10-31 14:38:54,245 INFO  [Log] Excel sheet opened 
2018-10-31 14:38:54,245 INFO  [Log] Total number of Row used return as < 29 >. 
2018-10-31 14:38:54,261 INFO  [Log] Objects Set for  Page 
2018-10-31 14:38:54,355 INFO  [Log] Excel sheet opened 
2018-10-31 14:38:54,355 INFO  [Log] Excel sheet opened 
2018-10-31 14:38:54,355 INFO  [Log] Total number of Row used return as < 29 >. 
2018-10-31 14:38:54,386 INFO  [Log] Excel sheet opened 
2018-10-31 14:38:54,386 INFO  [Log] Total number of Row used return as < 29 >. 
2018-10-31 14:38:54,386 INFO  [Log]  Error is  Select_Value_DropDown  
2018-10-31 14:39:32,585 INFO  [Log] Excel sheet opened 
2018-10-31 14:39:32,585 INFO  [Log] Excel sheet opened 
2018-10-31 14:39:32,585 INFO  [Log] Total number of Row used return as < 29 >. 
2018-10-31 14:39:32,601 INFO  [Log] Objects Set for  Page 
2018-10-31 14:39:32,695 INFO  [Log] Excel sheet opened 
2018-10-31 14:39:32,695 INFO  [Log] Excel sheet opened 
2018-10-31 14:39:32,695 INFO  [Log] Total number of Row used return as < 29 >. 
2018-10-31 14:39:32,710 INFO  [Log]  Error in entered in text box 
2018-10-31 14:40:10,903 INFO  [Log] Excel sheet opened 
2018-10-31 14:40:10,909 INFO  [Log] Excel sheet opened 
2018-10-31 14:40:10,909 INFO  [Log] Total number of Row used return as < 29 >. 
2018-10-31 14:40:10,924 INFO  [Log] Objects Set for  Page 
2018-10-31 14:40:11,018 INFO  [Log] Excel sheet opened 
2018-10-31 14:40:11,034 INFO  [Log] Excel sheet opened 
2018-10-31 14:40:11,034 INFO  [Log] Total number of Row used return as < 29 >. 
2018-10-31 14:40:11,049 INFO  [Log]  Error in entered in text box 
2018-10-31 14:40:49,253 INFO  [Log] Excel sheet opened 
2018-10-31 14:40:49,269 INFO  [Log] Excel sheet opened 
2018-10-31 14:40:49,269 INFO  [Log] Total number of Row used return as < 29 >. 
2018-10-31 14:40:49,285 INFO  [Log] Objects Set for  Page 
2018-10-31 14:40:49,391 INFO  [Log] Excel sheet opened 
2018-10-31 14:40:49,391 INFO  [Log] Excel sheet opened 
2018-10-31 14:40:49,391 INFO  [Log] Total number of Row used return as < 29 >. 
2018-10-31 14:40:49,422 INFO  [Log]  Error in entered in text box 
2018-10-31 14:40:49,484 INFO  [Log]  is  Selected  
2018-10-31 14:41:27,754 INFO  [Log] Excel sheet opened 
2018-10-31 14:41:27,754 INFO  [Log] Excel sheet opened 
2018-10-31 14:41:27,754 INFO  [Log] Total number of Row used return as < 29 >. 
2018-10-31 14:41:27,770 INFO  [Log] Objects Set for  Page 
2018-10-31 14:41:27,864 INFO  [Log] Excel sheet opened 
2018-10-31 14:41:27,880 INFO  [Log] Excel sheet opened 
2018-10-31 14:41:27,880 INFO  [Log] Total number of Row used return as < 29 >. 
2018-10-31 14:41:27,895 INFO  [Log]  Error in entered in text box 
2018-10-31 14:42:06,146 INFO  [Log] Excel sheet opened 
2018-10-31 14:42:06,162 INFO  [Log] Excel sheet opened 
2018-10-31 14:42:06,162 INFO  [Log] Total number of Row used return as < 29 >. 
2018-10-31 14:42:06,177 INFO  [Log] Objects Set for  Page 
2018-10-31 14:42:06,287 INFO  [Log] Excel sheet opened 
2018-10-31 14:42:06,302 INFO  [Log] Excel sheet opened 
2018-10-31 14:42:06,302 INFO  [Log] Total number of Row used return as < 29 >. 
2018-10-31 14:42:06,318 INFO  [Log]  Error in entered in text box 
2018-10-31 14:42:43,594 INFO  [Log] Excel sheet opened 
2018-10-31 14:42:43,594 INFO  [Log] Excel sheet opened 
2018-10-31 14:42:43,594 INFO  [Log] Total number of Row used return as < 29 >. 
2018-10-31 14:42:43,610 INFO  [Log] Objects Set for  Page 
2018-10-31 14:42:43,672 INFO  [Log] Excel sheet opened 
2018-10-31 14:42:43,672 INFO  [Log] Excel sheet opened 
2018-10-31 14:42:43,672 INFO  [Log] Total number of Row used return as < 29 >. 
2018-10-31 14:42:43,704 INFO  [Log] Excel sheet opened 
2018-10-31 14:42:43,704 INFO  [Log] Total number of Row used return as < 29 >. 
2018-10-31 14:42:43,704 INFO  [Log]  Error is  Select_Value_DropDown  
2018-10-31 14:43:21,904 INFO  [Log] Excel sheet opened 
2018-10-31 14:43:21,904 INFO  [Log] Excel sheet opened 
2018-10-31 14:43:21,904 INFO  [Log] Total number of Row used return as < 29 >. 
2018-10-31 14:43:21,920 INFO  [Log] Objects Set for  Page 
2018-10-31 14:43:22,014 INFO  [Log] Excel sheet opened 
2018-10-31 14:43:22,029 INFO  [Log] Excel sheet opened 
2018-10-31 14:43:22,029 INFO  [Log] Total number of Row used return as < 29 >. 
2018-10-31 14:43:22,045 INFO  [Log]  Error in entered in text box 
2018-10-31 14:44:00,253 INFO  [Log] Excel sheet opened 
2018-10-31 14:44:00,253 INFO  [Log] Excel sheet opened 
2018-10-31 14:44:00,253 INFO  [Log] Total number of Row used return as < 29 >. 
2018-10-31 14:44:00,285 INFO  [Log] Objects Set for  Page 
2018-10-31 14:44:00,378 INFO  [Log] Excel sheet opened 
2018-10-31 14:44:00,394 INFO  [Log] Excel sheet opened 
2018-10-31 14:44:00,394 INFO  [Log] Total number of Row used return as < 29 >. 
2018-10-31 14:44:00,410 INFO  [Log]  Error in entered in text box 
2018-10-31 14:44:38,630 INFO  [Log] Excel sheet opened 
2018-10-31 14:44:38,645 INFO  [Log] Excel sheet opened 
2018-10-31 14:44:38,645 INFO  [Log] Total number of Row used return as < 29 >. 
2018-10-31 14:44:38,661 INFO  [Log] Objects Set for  Page 
2018-10-31 14:44:38,755 INFO  [Log] Excel sheet opened 
2018-10-31 14:44:38,770 INFO  [Log] Excel sheet opened 
2018-10-31 14:44:38,770 INFO  [Log] Total number of Row used return as < 29 >. 
2018-10-31 14:44:38,802 INFO  [Log]  Error in entered in text box 
2018-10-31 14:45:17,035 INFO  [Log] Excel sheet opened 
2018-10-31 14:45:17,035 INFO  [Log] Excel sheet opened 
2018-10-31 14:45:17,035 INFO  [Log] Total number of Row used return as < 29 >. 
2018-10-31 14:45:17,066 INFO  [Log] Objects Set for  Page 
2018-10-31 14:45:17,167 INFO  [Log] Excel sheet opened 
2018-10-31 14:45:17,167 INFO  [Log] Excel sheet opened 
2018-10-31 14:45:17,167 INFO  [Log] Total number of Row used return as < 29 >. 
2018-10-31 14:45:17,198 INFO  [Log]  Error in entered in text box 
2018-10-31 14:45:55,443 INFO  [Log] Excel sheet opened 
2018-10-31 14:45:55,443 INFO  [Log] Excel sheet opened 
2018-10-31 14:45:55,443 INFO  [Log] Total number of Row used return as < 29 >. 
2018-10-31 14:45:55,458 INFO  [Log] Objects Set for  Page 
2018-10-31 14:45:55,552 INFO  [Log] Excel sheet opened 
2018-10-31 14:45:55,568 INFO  [Log] Excel sheet opened 
2018-10-31 14:45:55,568 INFO  [Log] Total number of Row used return as < 29 >. 
2018-10-31 14:45:55,583 INFO  [Log]  Error in entered in text box 
2018-10-31 14:46:33,769 INFO  [Log] Excel sheet opened 
2018-10-31 14:46:33,785 INFO  [Log] Excel sheet opened 
2018-10-31 14:46:33,785 INFO  [Log] Total number of Row used return as < 29 >. 
2018-10-31 14:46:33,800 INFO  [Log] Objects Set for  Page 
2018-10-31 14:46:33,910 INFO  [Log] Excel sheet opened 
2018-10-31 14:46:33,925 INFO  [Log] Excel sheet opened 
2018-10-31 14:46:33,925 INFO  [Log] Total number of Row used return as < 29 >. 
2018-10-31 14:46:33,941 INFO  [Log]  Error in entered in text box 
2018-10-31 14:47:12,224 INFO  [Log] Excel sheet opened 
2018-10-31 14:47:12,240 INFO  [Log] Excel sheet opened 
2018-10-31 14:47:12,240 INFO  [Log] Total number of Row used return as < 29 >. 
2018-10-31 14:47:12,256 INFO  [Log] Objects Set for  Page 
2018-10-31 14:47:12,349 INFO  [Log] Excel sheet opened 
2018-10-31 14:47:12,349 INFO  [Log] Excel sheet opened 
2018-10-31 14:47:12,349 INFO  [Log] Total number of Row used return as < 29 >. 
2018-10-31 14:47:12,365 INFO  [Log]  Error in entered in text box 
2018-10-31 14:47:50,628 INFO  [Log] Excel sheet opened 
2018-10-31 14:47:50,628 INFO  [Log] Excel sheet opened 
2018-10-31 14:47:50,628 INFO  [Log] Total number of Row used return as < 29 >. 
2018-10-31 14:47:50,644 INFO  [Log] Objects Set for  Page 
2018-10-31 14:47:50,753 INFO  [Log] Excel sheet opened 
2018-10-31 14:47:50,753 INFO  [Log] Excel sheet opened 
2018-10-31 14:47:50,753 INFO  [Log] Total number of Row used return as < 29 >. 
2018-10-31 14:47:50,769 INFO  [Log]  Error in entered in text box 
2018-10-31 14:48:28,024 INFO  [Log] Excel sheet opened 
2018-10-31 14:48:28,024 INFO  [Log] Excel sheet opened 
2018-10-31 14:48:28,024 INFO  [Log] Total number of Row used return as < 29 >. 
2018-10-31 14:48:28,040 INFO  [Log] Objects Set for  Page 
2018-10-31 14:48:28,118 INFO  [Log] Excel sheet opened 
2018-10-31 14:48:28,135 INFO  [Log] Excel sheet opened 
2018-10-31 14:48:28,135 INFO  [Log] Total number of Row used return as < 29 >. 
2018-10-31 14:48:28,157 INFO  [Log] Excel sheet opened 
2018-10-31 14:48:28,157 INFO  [Log] Total number of Row used return as < 29 >. 
2018-10-31 14:48:28,157 INFO  [Log]  Error is  Select_Value_DropDown  
2018-10-31 14:49:06,375 INFO  [Log] Excel sheet opened 
2018-10-31 14:49:06,375 INFO  [Log] Excel sheet opened 
2018-10-31 14:49:06,375 INFO  [Log] Total number of Row used return as < 29 >. 
2018-10-31 14:49:06,391 INFO  [Log] Objects Set for  Page 
2018-10-31 14:49:06,547 INFO  [Log] Excel sheet opened 
2018-10-31 14:49:06,547 INFO  [Log] Excel sheet opened 
2018-10-31 14:49:06,547 INFO  [Log] Total number of Row used return as < 29 >. 
2018-10-31 14:49:06,563 INFO  [Log]  Error in entered in text box 
2018-10-31 14:49:44,778 INFO  [Log] Excel sheet opened 
2018-10-31 14:49:44,778 INFO  [Log] Excel sheet opened 
2018-10-31 14:49:44,778 INFO  [Log] Total number of Row used return as < 29 >. 
2018-10-31 14:49:44,793 INFO  [Log] Objects Set for  Page 
2018-10-31 14:49:44,903 INFO  [Log] Excel sheet opened 
2018-10-31 14:49:44,903 INFO  [Log] Excel sheet opened 
2018-10-31 14:49:44,903 INFO  [Log] Total number of Row used return as < 29 >. 
2018-10-31 14:49:44,934 INFO  [Log]  Error in entered in text box 
2018-10-31 14:50:23,174 INFO  [Log] Excel sheet opened 
2018-10-31 14:50:23,190 INFO  [Log] Excel sheet opened 
2018-10-31 14:50:23,190 INFO  [Log] Total number of Row used return as < 29 >. 
2018-10-31 14:50:23,206 INFO  [Log] Objects Set for  Page 
2018-10-31 14:50:23,299 INFO  [Log] Excel sheet opened 
2018-10-31 14:50:23,315 INFO  [Log] Excel sheet opened 
2018-10-31 14:50:23,315 INFO  [Log] Total number of Row used return as < 29 >. 
2018-10-31 14:50:23,331 INFO  [Log]  Error in entered in text box 
2018-10-31 14:50:24,800 INFO  [Log] Excel sheet opened 
2018-10-31 14:50:24,800 INFO  [Log] Total number of Row used return as < 29 >. 
2018-10-31 14:50:24,918 INFO  [Log] Excel sheet opened 
2018-10-31 14:50:24,918 INFO  [Log] Total number of Row used return as < 54 >. 
2018-10-31 14:51:03,250 INFO  [Log] Excel sheet opened 
2018-10-31 14:51:03,250 INFO  [Log] Excel sheet opened 
2018-10-31 14:51:03,250 INFO  [Log] Total number of Row used return as < 29 >. 
2018-10-31 14:51:03,281 INFO  [Log] Excel sheet opened 
2018-10-31 14:51:03,281 INFO  [Log] Excel sheet opened 
2018-10-31 14:51:03,281 INFO  [Log] Total number of Row used return as < 29 >. 
2018-10-31 14:51:03,313 INFO  [Log] Excel sheet opened 
2018-10-31 14:51:03,328 INFO  [Log] Excel sheet opened 
2018-10-31 14:51:03,328 INFO  [Log] Total number of Row used return as < 29 >. 
2018-10-31 14:51:03,344 INFO  [Log] Excel sheet opened 
2018-10-31 14:51:03,360 INFO  [Log] Excel sheet opened 
2018-10-31 14:51:03,360 INFO  [Log] Total number of Row used return as < 29 >. 
2018-10-31 14:51:03,391 INFO  [Log] Excel sheet opened 
2018-10-31 14:51:03,406 INFO  [Log] Excel sheet opened 
2018-10-31 14:51:03,406 INFO  [Log] Total number of Row used return as < 29 >. 
2018-10-31 14:51:03,438 INFO  [Log] Excel sheet opened 
2018-10-31 14:51:03,453 INFO  [Log] Excel sheet opened 
2018-10-31 14:51:03,453 INFO  [Log] Total number of Row used return as < 29 >. 
2018-10-31 14:51:03,485 INFO  [Log] Excel sheet opened 
2018-10-31 14:51:03,485 INFO  [Log] Excel sheet opened 
2018-10-31 14:51:03,485 INFO  [Log] Total number of Row used return as < 29 >. 
2018-10-31 14:51:03,500 INFO  [Log] Objects Set for  Page 
2018-10-31 14:51:03,594 INFO  [Log] Excel sheet opened 
2018-10-31 14:51:03,610 INFO  [Log] Excel sheet opened 
2018-10-31 14:51:03,610 INFO  [Log] Total number of Row used return as < 29 >. 
2018-10-31 14:51:03,625 INFO  [Log]  Error in entered in text box 
2018-10-31 14:51:51,065 INFO  [Log] Excel sheet opened 
2018-10-31 14:51:51,065 INFO  [Log] Excel sheet opened 
2018-10-31 14:51:51,065 INFO  [Log] Total number of Row used return as < 29 >. 
2018-10-31 14:51:51,097 INFO  [Log] Excel sheet opened 
2018-10-31 14:51:51,097 INFO  [Log] Excel sheet opened 
2018-10-31 14:51:51,097 INFO  [Log] Total number of Row used return as < 29 >. 
2018-10-31 14:51:51,136 INFO  [Log] Excel sheet opened 
2018-10-31 14:51:51,136 INFO  [Log] Excel sheet opened 
2018-10-31 14:51:51,136 INFO  [Log] Total number of Row used return as < 29 >. 
2018-10-31 14:51:51,152 INFO  [Log] Excel sheet opened 
2018-10-31 14:51:51,167 INFO  [Log] Excel sheet opened 
2018-10-31 14:51:51,167 INFO  [Log] Total number of Row used return as < 29 >. 
2018-10-31 14:51:51,199 INFO  [Log] Excel sheet opened 
2018-10-31 14:51:51,199 INFO  [Log] Excel sheet opened 
2018-10-31 14:51:51,199 INFO  [Log] Total number of Row used return as < 29 >. 
2018-10-31 14:51:51,230 INFO  [Log] Excel sheet opened 
2018-10-31 14:51:51,230 INFO  [Log] Excel sheet opened 
2018-10-31 14:51:51,230 INFO  [Log] Total number of Row used return as < 29 >. 
2018-10-31 14:51:51,261 INFO  [Log] Excel sheet opened 
2018-10-31 14:51:51,261 INFO  [Log] Excel sheet opened 
2018-10-31 14:51:51,261 INFO  [Log] Total number of Row used return as < 29 >. 
2018-10-31 14:51:51,277 INFO  [Log] Objects Set for  Page 
2018-10-31 14:51:51,355 INFO  [Log] Excel sheet opened 
2018-10-31 14:51:51,355 INFO  [Log] Excel sheet opened 
2018-10-31 14:51:51,355 INFO  [Log] Total number of Row used return as < 29 >. 
2018-10-31 14:51:51,386 INFO  [Log] Excel sheet opened 
2018-10-31 14:51:51,386 INFO  [Log] Total number of Row used return as < 29 >. 
2018-10-31 14:51:51,386 INFO  [Log]  Error is  Select_Value_DropDown  
2018-10-31 14:52:29,582 INFO  [Log] Excel sheet opened 
2018-10-31 14:52:29,597 INFO  [Log] Excel sheet opened 
2018-10-31 14:52:29,597 INFO  [Log] Total number of Row used return as < 29 >. 
2018-10-31 14:52:29,613 INFO  [Log] Excel sheet opened 
2018-10-31 14:52:29,629 INFO  [Log] Excel sheet opened 
2018-10-31 14:52:29,629 INFO  [Log] Total number of Row used return as < 29 >. 
2018-10-31 14:52:29,660 INFO  [Log] Excel sheet opened 
2018-10-31 14:52:29,660 INFO  [Log] Excel sheet opened 
2018-10-31 14:52:29,660 INFO  [Log] Total number of Row used return as < 29 >. 
2018-10-31 14:52:29,691 INFO  [Log] Excel sheet opened 
2018-10-31 14:52:29,691 INFO  [Log] Excel sheet opened 
2018-10-31 14:52:29,691 INFO  [Log] Total number of Row used return as < 29 >. 
2018-10-31 14:52:29,722 INFO  [Log] Excel sheet opened 
2018-10-31 14:52:29,722 INFO  [Log] Excel sheet opened 
2018-10-31 14:52:29,722 INFO  [Log] Total number of Row used return as < 29 >. 
2018-10-31 14:52:29,754 INFO  [Log] Excel sheet opened 
2018-10-31 14:52:29,754 INFO  [Log] Excel sheet opened 
2018-10-31 14:52:29,754 INFO  [Log] Total number of Row used return as < 29 >. 
2018-10-31 14:52:29,769 INFO  [Log] Excel sheet opened 
2018-10-31 14:52:29,785 INFO  [Log] Excel sheet opened 
2018-10-31 14:52:29,785 INFO  [Log] Total number of Row used return as < 29 >. 
2018-10-31 14:52:29,800 INFO  [Log] Objects Set for  Page 
2018-10-31 14:52:29,941 INFO  [Log] Excel sheet opened 
2018-10-31 14:52:29,941 INFO  [Log] Excel sheet opened 
2018-10-31 14:52:29,941 INFO  [Log] Total number of Row used return as < 29 >. 
2018-10-31 14:52:29,957 INFO  [Log]  Error in entered in text box 
2018-10-31 15:05:16,015 INFO  [Log] Excel sheet opened 
2018-10-31 15:05:16,016 INFO  [Log] Total number of Row used return as < 29 >. 
2018-10-31 15:05:16,928 INFO  [Log] Excel sheet opened 
2018-10-31 15:05:16,928 INFO  [Log] Total number of Row used return as < 29 >. 
2018-10-31 15:05:17,153 INFO  [Log] Excel sheet opened 
2018-10-31 15:05:18,260 INFO  [Log] Excel sheet opened 
2018-10-31 15:05:18,260 INFO  [Log] Total number of Row used return as < 29 >. 
2018-10-31 15:05:18,261 INFO  [Log] **************************************************************************************** 
2018-10-31 15:05:18,261 INFO  [Log] **************************************************************************************** 
2018-10-31 15:05:18,261 INFO  [Log] $$$$$$$$$$$$$$$$$$$$$                 T501636       $$$$$$$$$$$$$$$$$$$$$$$$$ 
2018-10-31 15:05:18,261 INFO  [Log] **************************************************************************************** 
2018-10-31 15:05:18,261 INFO  [Log] **************************************************************************************** 
2018-10-31 15:05:18,427 INFO  [Log] Excel sheet opened 
2018-10-31 15:05:18,451 INFO  [Log] Excel sheet opened 
2018-10-31 15:05:18,451 INFO  [Log] Total number of Row used return as < 29 >. 
2018-10-31 15:05:18,745 INFO  [Log] Excel sheet opened 
2018-10-31 15:05:18,745 INFO  [Log] Total number of Row used return as < 87 >. 
2018-10-31 15:05:25,963 INFO  [Log] New driver instantiated 
2018-10-31 15:05:25,991 INFO  [Log] Implicit wait applied on the driver for 10 seconds 
2018-10-31 15:05:27,594 INFO  [Log] Web application launched successfully 
2018-10-31 15:05:29,523 INFO  [Log] qbeSelvakumar is entered in text box 
2018-10-31 15:05:32,078 INFO  [Log] EwUuQhp4uC is entered in text box 
2018-10-31 15:05:34,775 INFO  [Log] [[ChromeDriver: chrome on XP (9d350812df24c5c3b4bcde80ac573fc6)] -> name: submit] is Clicked  
2018-10-31 15:05:36,241 INFO  [Log] Excel sheet opened 
2018-10-31 15:05:36,241 INFO  [Log] Total number of Row used return as < 29 >. 
2018-10-31 15:05:36,461 INFO  [Log] Excel sheet opened 
2018-10-31 15:05:36,461 INFO  [Log] Total number of Row used return as < 55 >. 
2018-10-31 15:05:37,599 INFO  [Log] [[ChromeDriver: chrome on XP (9d350812df24c5c3b4bcde80ac573fc6)] -> xpath: .//*[@id='spanroot__dashboard']/div/div[2]/div/a/div/div] is Clicked  
2018-10-31 15:05:41,799 INFO  [Log] Excel sheet opened 
2018-10-31 15:05:41,799 INFO  [Log] Total number of Row used return as < 29 >. 
2018-10-31 15:05:41,896 INFO  [Log] Excel sheet opened 
2018-10-31 15:05:41,896 INFO  [Log] Total number of Row used return as < 100 >. 
2018-10-31 15:05:44,974 INFO  [Log] [[ChromeDriver: chrome on XP (9d350812df24c5c3b4bcde80ac573fc6)] -> xpath: .//*[@id='btnAddCase']]MouseOver Operation and click is done over[[ChromeDriver: chrome on XP (9d350812df24c5c3b4bcde80ac573fc6)] -> xpath: .//*[@id='btnAddCase']] 
2018-10-31 15:05:48,630 INFO  [Log] Excel sheet opened 
2018-10-31 15:05:48,630 INFO  [Log] Total number of Row used return as < 29 >. 
2018-10-31 15:05:48,729 INFO  [Log] Excel sheet opened 
2018-10-31 15:05:48,729 INFO  [Log] Total number of Row used return as < 26 >. 
2018-10-31 15:05:53,068 INFO  [Log] [[ChromeDriver: chrome on XP (9d350812df24c5c3b4bcde80ac573fc6)] -> id: taskActionFrame] Switched to Frame  
2018-10-31 15:05:53,730 INFO  [Log] Request for Quote is entered in text box 
2018-10-31 15:05:55,117 INFO  [Log] Request for Quote is  Selected  
2018-10-31 15:05:56,556 INFO  [Log] 179807 is entered in text box 
2018-10-31 15:05:57,771 INFO  [Log] QBE Direct Parramatta is entered in text box 
2018-10-31 15:05:59,142 INFO  [Log] QBE Direct Parramatta is  Selected  
2018-10-31 15:06:00,564 INFO  [Log] 326430 is entered in text box 
2018-10-31 15:06:01,645 INFO  [Log] Current is entered in text box 
2018-10-31 15:06:03,013 INFO  [Log] Current is  Selected  
2018-10-31 15:06:03,333 INFO  [Log] New quote request is entered in text box 
2018-10-31 15:06:04,696 INFO  [Log] New quote request is  Selected  
2018-10-31 15:06:09,946 INFO  [Log] [[ChromeDriver: chrome on XP (9d350812df24c5c3b4bcde80ac573fc6)] -> id: PreIntakeForm_submitButton] is Clicked  
2018-10-31 15:06:11,332 INFO  [Log] Excel sheet opened 
2018-10-31 15:06:11,332 INFO  [Log] Total number of Row used return as < 29 >. 
2018-10-31 15:06:11,411 INFO  [Log] Excel sheet opened 
2018-10-31 15:06:11,411 INFO  [Log] Total number of Row used return as < 250 >. 
2018-10-31 15:06:22,301 INFO  [Log] Insured is entered in text box 
2018-10-31 15:06:23,711 INFO  [Log] Insured is  Selected  
2018-10-31 15:06:27,020 INFO  [Log] [[ChromeDriver: chrome on XP (9d350812df24c5c3b4bcde80ac573fc6)] -> id: BREForm_root.inlinePopupStandalonePage.QBEUpdateExcess] is Clicked  
2018-10-31 15:06:32,612 INFO  [Log] [[ChromeDriver: chrome on XP (9d350812df24c5c3b4bcde80ac573fc6)] -> id: iFrame-root.inlinePopupStandalonePage.QBEUpdateExcess] Switched to Frame  
2018-10-31 15:06:36,365 INFO  [Log] 295 is entered in text box 
2018-10-31 15:06:39,577 INFO  [Log] [[ChromeDriver: chrome on XP (9d350812df24c5c3b4bcde80ac573fc6)] -> id: BREForm_root.task.businessStatus.updateStatus] is Clicked  
2018-10-31 15:06:41,107 INFO  [Log]  is  Selected  
2018-10-31 15:06:45,438 INFO  [Log] 3326 is entered in text box 
2018-10-31 15:06:46,101 INFO  [Log] Agreed Value is entered in text box 
2018-10-31 15:06:47,488 INFO  [Log] Agreed Value is  Selected  
2018-10-31 15:06:49,019 INFO  [Log] 3/04/2018 is entered in text box 
2018-10-31 15:06:50,876 INFO  [Log] 2/04/2019 is entered in text box 
2018-10-31 15:06:52,692 INFO  [Log] 1528 is entered in text box 
2018-10-31 15:06:53,141 INFO  [Log]  is  Selected  
2018-10-31 15:06:54,583 INFO  [Log] 2012 is entered in text box 
2018-10-31 15:06:56,444 INFO  [Log] HOLDEN is entered in text box 
2018-10-31 15:06:57,109 INFO  [Log] Motor is entered in text box 
2018-10-31 15:06:58,493 INFO  [Log] Motor is  Selected  
2018-10-31 15:06:59,979 INFO  [Log] CAPTIVA is entered in text box 
2018-10-31 15:07:01,867 INFO  [Log] DPX96E is entered in text box 
2018-10-31 15:07:04,045 INFO  [Log] 09/04/18 is entered in text box 
2018-10-31 15:07:05,872 INFO  [Log] 02:24PM is entered in text box 
2018-10-31 15:07:08,037 INFO  [Log] Anubis - Catastrophe is entered in text box 
2018-10-31 15:07:10,050 INFO  [Log] 109-George Street is entered in text box 
2018-10-31 15:07:11,905 INFO  [Log] Parramatta is entered in text box 
2018-10-31 15:07:13,681 INFO  [Log] 2150 is entered in text box 
2018-10-31 15:07:14,380 INFO  [Log] NSW is entered in text box 
2018-10-31 15:07:15,752 INFO  [Log] NSW is  Selected  
2018-10-31 15:07:17,363 INFO  [Log] testreport is entered in text box 
2018-10-31 15:07:19,347 INFO  [Log] testdescription is entered in text box 
2018-10-31 15:07:21,285 INFO  [Log] 12345678910 is entered in text box 
2018-10-31 15:07:25,797 INFO  [Log] Excel sheet opened 
2018-10-31 15:07:25,797 INFO  [Log] Total number of Row used return as < 29 >. 
2018-10-31 15:07:25,860 INFO  [Log] Excel sheet opened 
2018-10-31 15:07:25,860 INFO  [Log] Total number of Row used return as < 54 >. 
2018-10-31 15:07:27,625 INFO  [Log] Test Garage 2 PH2 is entered in text box 
2018-10-31 15:07:38,679 INFO  [Log] Inspection only is entered in text box 
2018-10-31 15:07:40,035 INFO  [Log] Inspection only is  Selected  
2018-10-31 15:07:41,595 INFO  [Log] 110 Kent Street is entered in text box 
2018-10-31 15:07:43,489 INFO  [Log] 768259875 is entered in text box 
2018-10-31 15:07:45,360 INFO  [Log] Parramatta is entered in text box 
2018-10-31 15:07:47,209 INFO  [Log] 14439 is entered in text box 
2018-10-31 15:07:47,904 INFO  [Log] NSW is entered in text box 
2018-10-31 15:07:49,266 INFO  [Log] NSW is  Selected  
2018-10-31 15:07:52,227 INFO  [Log] [[ChromeDriver: chrome on XP (9d350812df24c5c3b4bcde80ac573fc6)] -> id: toDoListItem_QBEContacts] is Clicked  
2018-10-31 15:07:53,585 INFO  [Log] Excel sheet opened 
2018-10-31 15:07:53,585 INFO  [Log] Total number of Row used return as < 29 >. 
2018-10-31 15:07:53,648 INFO  [Log] Excel sheet opened 
2018-10-31 15:07:53,648 INFO  [Log] Total number of Row used return as < 26 >. 
2018-10-31 15:07:55,143 INFO  [Log] Damien is entered in text box 
2018-10-31 15:07:56,992 INFO  [Log] 109 george street is entered in text box 
2018-10-31 15:07:58,782 INFO  [Log] Parramatta is entered in text box 
2018-10-31 15:07:59,420 INFO  [Log] NSW is entered in text box 
2018-10-31 15:08:00,802 INFO  [Log] NSW is  Selected  
2018-10-31 15:08:01,109 INFO  [Log] Email is entered in text box 
2018-10-31 15:08:02,489 INFO  [Log] Email is  Selected  
2018-10-31 15:08:03,907 INFO  [Log] John is entered in text box 
2018-10-31 15:08:04,573 INFO  [Log] Email is entered in text box 
2018-10-31 15:08:05,959 INFO  [Log] Email is  Selected  
2018-10-31 15:08:07,431 INFO  [Log] test@qbe.com is entered in text box 
2018-10-31 15:08:10,241 INFO  [Log] [[ChromeDriver: chrome on XP (9d350812df24c5c3b4bcde80ac573fc6)] -> id: toDoListItem_QBEClaimInformation] is Clicked  
2018-10-31 15:08:11,621 INFO  [Log] Excel sheet opened 
2018-10-31 15:08:11,621 INFO  [Log] Total number of Row used return as < 29 >. 
2018-10-31 15:08:11,683 INFO  [Log] Excel sheet opened 
2018-10-31 15:08:11,684 INFO  [Log] Total number of Row used return as < 250 >. 
2018-10-31 15:08:11,866 INFO  [Log]  is  Selected  
2018-10-31 15:08:15,494 INFO  [Log]  is  Selected  
2018-10-31 15:08:18,609 INFO  [Log]  is  Selected  
2018-10-31 15:08:18,873 INFO  [Log]  is  Selected  
2018-10-31 15:08:19,047 INFO  [Log]  is  Selected  
2018-10-31 15:08:19,645 INFO  [Log]  is  Selected  
2018-10-31 15:08:22,662 INFO  [Log] [[ChromeDriver: chrome on XP (9d350812df24c5c3b4bcde80ac573fc6)] -> id: BREForm_root.inlinePopupStandalonePage.QBEAssessmentActions] is Clicked  
2018-10-31 15:08:27,713 INFO  [Log] Excel sheet opened 
2018-10-31 15:08:27,713 INFO  [Log] Total number of Row used return as < 29 >. 
2018-10-31 15:08:27,776 INFO  [Log] Excel sheet opened 
2018-10-31 15:08:27,776 INFO  [Log] Total number of Row used return as < 92 >. 
2018-10-31 15:08:32,069 INFO  [Log] [[ChromeDriver: chrome on XP (9d350812df24c5c3b4bcde80ac573fc6)] -> id: iFrame-root.inlinePopupStandalonePage.QBEAssessmentActions] Switched to Frame  
2018-10-31 15:08:35,317 INFO  [Log] [[ChromeDriver: chrome on XP (9d350812df24c5c3b4bcde80ac573fc6)] -> xpath: .//*[@id='BREForm_block.Assessment_Actions_Block']/div[1]/div/div/div/div[1]/a/div/div[1]]MouseOver Operation and click is done over[[ChromeDriver: chrome on XP (9d350812df24c5c3b4bcde80ac573fc6)] -> xpath: .//*[@id='BREForm_block.Assessment_Actions_Block']/div[1]/div/div/div/div[1]/a/div/div[1]] 
2018-10-31 15:08:36,088 INFO  [Log]  is  Selected  
2018-10-31 15:08:36,279 INFO  [Log]  is  Selected  
2018-10-31 15:08:36,862 INFO  [Log]  is  Selected  
2018-10-31 15:08:36,962 INFO  [Log]  is  Selected  
2018-10-31 15:08:39,384 INFO  [Log] selvakumar.c@mphasis.com is entered in text box 
2018-10-31 15:08:41,287 INFO  [Log] UAT test instruction is entered in text box 
2018-10-31 15:08:45,301 INFO  [Log] [[ChromeDriver: chrome on XP (9d350812df24c5c3b4bcde80ac573fc6)] -> id: BREForm_root.task.businessStatus.updateStatus] is Clicked  
2018-10-31 15:08:46,838 INFO  [Log]  is  Selected  
2018-10-31 15:08:47,468 INFO  [Log]  is  Selected  
2018-10-31 15:08:57,753 INFO  [Log] Objects Set for  Page 
2018-10-31 15:08:58,149 INFO  [Log] Excel sheet opened 
2018-10-31 15:08:58,149 INFO  [Log] Total number of Row used return as < 29 >. 
2018-10-31 15:08:58,225 INFO  [Log] Excel sheet opened 
2018-10-31 15:08:58,225 INFO  [Log] Total number of Row used return as < 250 >. 
2018-10-31 15:08:58,521 INFO  [Log]  is  Selected  
2018-10-31 15:09:02,221 INFO  [Log]  is  Selected  
2018-10-31 15:09:05,365 INFO  [Log]  is  Selected  
2018-10-31 15:09:05,647 INFO  [Log]  is  Selected  
2018-10-31 15:09:05,884 INFO  [Log]  is  Selected  
2018-10-31 15:09:06,467 INFO  [Log]  is  Selected  
2018-10-31 15:09:09,618 INFO  [Log] [[ChromeDriver: chrome on XP (9d350812df24c5c3b4bcde80ac573fc6)] -> id: BREForm_root.inlinePopupStandalonePage.QBEAssessmentActions] is Clicked  
2018-10-31 15:09:14,849 INFO  [Log] Excel sheet opened 
2018-10-31 15:09:14,849 INFO  [Log] Total number of Row used return as < 29 >. 
2018-10-31 15:09:14,904 INFO  [Log] Excel sheet opened 
2018-10-31 15:09:14,904 INFO  [Log] Total number of Row used return as < 92 >. 
2018-10-31 15:09:19,190 INFO  [Log] [[ChromeDriver: chrome on XP (9d350812df24c5c3b4bcde80ac573fc6)] -> id: iFrame-root.inlinePopupStandalonePage.QBEAssessmentActions] Switched to Frame  
2018-10-31 15:09:22,563 INFO  [Log] [[ChromeDriver: chrome on XP (9d350812df24c5c3b4bcde80ac573fc6)] -> xpath: .//*[@id='BREForm_block.Assessment_Actions_Block']/div[1]/div/div/div/div[2]/a/div/div[1]]MouseOver Operation and click is done over[[ChromeDriver: chrome on XP (9d350812df24c5c3b4bcde80ac573fc6)] -> xpath: .//*[@id='BREForm_block.Assessment_Actions_Block']/div[1]/div/div/div/div[2]/a/div/div[1]] 
2018-10-31 15:09:23,224 INFO  [Log]  is  Selected  
2018-10-31 15:09:23,415 INFO  [Log]  is  Selected  
2018-10-31 15:09:23,946 INFO  [Log]  is  Selected  
2018-10-31 15:09:24,011 INFO  [Log]  is  Selected  
2018-10-31 15:09:26,400 INFO  [Log] selvakumar.c@mphasis.com is entered in text box 
2018-10-31 15:09:30,412 INFO  [Log] [[ChromeDriver: chrome on XP (9d350812df24c5c3b4bcde80ac573fc6)] -> id: BREForm_root.task.businessStatus.updateStatus] is Clicked  
2018-10-31 15:09:31,933 INFO  [Log]  is  Selected  
2018-10-31 15:09:32,526 INFO  [Log]  is  Selected  
2018-10-31 15:09:42,652 INFO  [Log] Objects Set for  Page 
2018-10-31 15:09:43,038 INFO  [Log] Excel sheet opened 
2018-10-31 15:09:43,038 INFO  [Log] Total number of Row used return as < 29 >. 
2018-10-31 15:09:43,085 INFO  [Log] Excel sheet opened 
2018-10-31 15:09:43,085 INFO  [Log] Total number of Row used return as < 250 >. 
2018-10-31 15:09:43,226 INFO  [Log]  is  Selected  
2018-10-31 15:09:46,828 INFO  [Log]  is  Selected  
2018-10-31 15:09:49,776 INFO  [Log]  is  Selected  
2018-10-31 15:09:49,964 INFO  [Log]  is  Selected  
2018-10-31 15:09:50,104 INFO  [Log]  is  Selected  
2018-10-31 15:09:50,542 INFO  [Log]  is  Selected  
2018-10-31 15:09:53,561 INFO  [Log] [[ChromeDriver: chrome on XP (9d350812df24c5c3b4bcde80ac573fc6)] -> id: toDoListItem_QBEAttachments] is Clicked  
2018-10-31 15:09:57,937 INFO  [Log] Excel sheet opened 
2018-10-31 15:09:57,937 INFO  [Log] Total number of Row used return as < 29 >. 
2018-10-31 15:09:57,975 INFO  [Log] Excel sheet opened 
2018-10-31 15:09:57,975 INFO  [Log] Total number of Row used return as < 25 >. 
2018-10-31 15:09:58,478 INFO  [Log] [[ChromeDriver: chrome on XP (9d350812df24c5c3b4bcde80ac573fc6)] -> xpath: .//*[@id='selectPdfQuoteButton']] is Clicked  
2018-10-31 15:10:12,151 INFO  [Log] Excel sheet opened 
2018-10-31 15:10:12,167 INFO  [Log] Excel sheet opened 
2018-10-31 15:10:12,167 INFO  [Log] Total number of Row used return as < 29 >. 
